[0.162s] DEBUG:colcon:Command line arguments: ['/usr/bin/colcon', 'build']
[0.162s] DEBUG:colcon:Parsed command line arguments: Namespace(log_base=None, log_level=None, verb_name='build', build_base='build', install_base='install', merge_install=False, symlink_install=False, test_result_base=None, continue_on_error=False, executor='parallel', parallel_workers=2, event_handlers=None, ignore_user_meta=False, metas=['./colcon.meta'], base_paths=['.'], packages_ignore=None, packages_ignore_regex=None, paths=None, packages_up_to=None, packages_up_to_regex=None, packages_above=None, packages_above_and_dependencies=None, packages_above_depth=None, packages_select_by_dep=None, packages_skip_by_dep=None, packages_skip_up_to=None, packages_select_build_failed=False, packages_skip_build_finished=False, packages_select_test_failures=False, packages_skip_test_passed=False, packages_select=None, packages_skip=None, packages_select_regex=None, packages_skip_regex=None, packages_start=None, packages_end=None, allow_overriding=[], cmake_args=None, cmake_target=None, cmake_target_skip_unavailable=False, cmake_clean_cache=False, cmake_clean_first=False, cmake_force_configure=False, ament_cmake_args=None, catkin_cmake_args=None, catkin_skip_building_tests=False, mixin_files=None, mixin=None, verb_parser=<colcon_mixin.mixin.mixin_argument.MixinArgumentDecorator object at 0x7d4383842200>, verb_extension=<colcon_core.verb.build.BuildVerb object at 0x7d4383841a80>, main=<bound method BuildVerb.main of <colcon_core.verb.build.BuildVerb object at 0x7d4383841a80>>, mixin_verb=('build',))
[0.426s] Level 1:colcon.colcon_core.package_discovery:discover_packages(colcon_meta) check parameters
[0.426s] Level 1:colcon.colcon_core.package_discovery:discover_packages(recursive) check parameters
[0.426s] Level 1:colcon.colcon_core.package_discovery:discover_packages(ignore) check parameters
[0.426s] Level 1:colcon.colcon_core.package_discovery:discover_packages(path) check parameters
[0.426s] Level 1:colcon.colcon_core.package_discovery:discover_packages(colcon_meta) discover
[0.426s] Level 1:colcon.colcon_core.package_discovery:discover_packages(recursive) discover
[0.426s] INFO:colcon.colcon_core.package_discovery:Crawling recursively for packages in '/home/vivek/ec01_ws'
[0.427s] Level 1:colcon.colcon_core.package_identification:_identify(.) by extensions ['ignore', 'ignore_ament_install']
[0.427s] Level 1:colcon.colcon_core.package_identification:_identify(.) by extension 'ignore'
[0.427s] Level 1:colcon.colcon_core.package_identification:_identify(.) by extension 'ignore_ament_install'
[0.427s] Level 1:colcon.colcon_core.package_identification:_identify(.) by extensions ['colcon_pkg']
[0.427s] Level 1:colcon.colcon_core.package_identification:_identify(.) by extension 'colcon_pkg'
[0.427s] Level 1:colcon.colcon_core.package_identification:_identify(.) by extensions ['colcon_meta']
[0.427s] Level 1:colcon.colcon_core.package_identification:_identify(.) by extension 'colcon_meta'
[0.427s] Level 1:colcon.colcon_core.package_identification:_identify(.) by extensions ['ros']
[0.427s] Level 1:colcon.colcon_core.package_identification:_identify(.) by extension 'ros'
[0.443s] Level 1:colcon.colcon_core.package_identification:_identify(.) by extensions ['cmake', 'python']
[0.443s] Level 1:colcon.colcon_core.package_identification:_identify(.) by extension 'cmake'
[0.443s] Level 1:colcon.colcon_core.package_identification:_identify(.) by extension 'python'
[0.443s] Level 1:colcon.colcon_core.package_identification:_identify(.) by extensions ['python_setup_py']
[0.443s] Level 1:colcon.colcon_core.package_identification:_identify(.) by extension 'python_setup_py'
[0.443s] Level 1:colcon.colcon_core.package_identification:_identify(build) by extensions ['ignore', 'ignore_ament_install']
[0.443s] Level 1:colcon.colcon_core.package_identification:_identify(build) by extension 'ignore'
[0.443s] Level 1:colcon.colcon_core.package_identification:_identify(build) ignored
[0.444s] Level 1:colcon.colcon_core.package_identification:_identify(install) by extensions ['ignore', 'ignore_ament_install']
[0.444s] Level 1:colcon.colcon_core.package_identification:_identify(install) by extension 'ignore'
[0.444s] Level 1:colcon.colcon_core.package_identification:_identify(install) ignored
[0.444s] Level 1:colcon.colcon_core.package_identification:_identify(log) by extensions ['ignore', 'ignore_ament_install']
[0.444s] Level 1:colcon.colcon_core.package_identification:_identify(log) by extension 'ignore'
[0.444s] Level 1:colcon.colcon_core.package_identification:_identify(log) ignored
[0.444s] Level 1:colcon.colcon_core.package_identification:_identify(src) by extensions ['ignore', 'ignore_ament_install']
[0.444s] Level 1:colcon.colcon_core.package_identification:_identify(src) by extension 'ignore'
[0.444s] Level 1:colcon.colcon_core.package_identification:_identify(src) by extension 'ignore_ament_install'
[0.445s] Level 1:colcon.colcon_core.package_identification:_identify(src) by extensions ['colcon_pkg']
[0.445s] Level 1:colcon.colcon_core.package_identification:_identify(src) by extension 'colcon_pkg'
[0.445s] Level 1:colcon.colcon_core.package_identification:_identify(src) by extensions ['colcon_meta']
[0.445s] Level 1:colcon.colcon_core.package_identification:_identify(src) by extension 'colcon_meta'
[0.445s] Level 1:colcon.colcon_core.package_identification:_identify(src) by extensions ['ros']
[0.445s] Level 1:colcon.colcon_core.package_identification:_identify(src) by extension 'ros'
[0.445s] Level 1:colcon.colcon_core.package_identification:_identify(src) by extensions ['cmake', 'python']
[0.445s] Level 1:colcon.colcon_core.package_identification:_identify(src) by extension 'cmake'
[0.445s] Level 1:colcon.colcon_core.package_identification:_identify(src) by extension 'python'
[0.445s] Level 1:colcon.colcon_core.package_identification:_identify(src) by extensions ['python_setup_py']
[0.445s] Level 1:colcon.colcon_core.package_identification:_identify(src) by extension 'python_setup_py'
[0.445s] Level 1:colcon.colcon_core.package_identification:_identify(src/my_robot) by extensions ['ignore', 'ignore_ament_install']
[0.445s] Level 1:colcon.colcon_core.package_identification:_identify(src/my_robot) by extension 'ignore'
[0.446s] Level 1:colcon.colcon_core.package_identification:_identify(src/my_robot) by extension 'ignore_ament_install'
[0.446s] Level 1:colcon.colcon_core.package_identification:_identify(src/my_robot) by extensions ['colcon_pkg']
[0.446s] Level 1:colcon.colcon_core.package_identification:_identify(src/my_robot) by extension 'colcon_pkg'
[0.446s] Level 1:colcon.colcon_core.package_identification:_identify(src/my_robot) by extensions ['colcon_meta']
[0.446s] Level 1:colcon.colcon_core.package_identification:_identify(src/my_robot) by extension 'colcon_meta'
[0.446s] Level 1:colcon.colcon_core.package_identification:_identify(src/my_robot) by extensions ['ros']
[0.446s] Level 1:colcon.colcon_core.package_identification:_identify(src/my_robot) by extension 'ros'
[0.449s] DEBUG:colcon.colcon_core.package_identification:Package 'src/my_robot' with type 'ros.ament_cmake' and name 'my_robot'
[0.449s] Level 1:colcon.colcon_core.package_discovery:discover_packages(recursive) using defaults
[0.449s] Level 1:colcon.colcon_core.package_discovery:discover_packages(ignore) discover
[0.449s] Level 1:colcon.colcon_core.package_discovery:discover_packages(ignore) using defaults
[0.449s] Level 1:colcon.colcon_core.package_discovery:discover_packages(path) discover
[0.449s] Level 1:colcon.colcon_core.package_discovery:discover_packages(path) using defaults
[0.494s] Level 1:colcon.colcon_core.package_discovery:discover_packages(prefix_path) check parameters
[0.494s] Level 1:colcon.colcon_core.package_discovery:discover_packages(prefix_path) discover
[0.496s] DEBUG:colcon.colcon_installed_package_information.package_discovery:Found 1 installed packages in /home/vivek/ros2_ws/install
[0.498s] DEBUG:colcon.colcon_installed_package_information.package_discovery:Found 280 installed packages in /opt/ros/humble
[0.500s] Level 1:colcon.colcon_core.package_discovery:discover_packages(prefix_path) using defaults
[0.557s] Level 5:colcon.colcon_core.verb:set package 'my_robot' build argument 'cmake_args' from command line to 'None'
[0.557s] Level 5:colcon.colcon_core.verb:set package 'my_robot' build argument 'cmake_target' from command line to 'None'
[0.557s] Level 5:colcon.colcon_core.verb:set package 'my_robot' build argument 'cmake_target_skip_unavailable' from command line to 'False'
[0.557s] Level 5:colcon.colcon_core.verb:set package 'my_robot' build argument 'cmake_clean_cache' from command line to 'False'
[0.557s] Level 5:colcon.colcon_core.verb:set package 'my_robot' build argument 'cmake_clean_first' from command line to 'False'
[0.557s] Level 5:colcon.colcon_core.verb:set package 'my_robot' build argument 'cmake_force_configure' from command line to 'False'
[0.557s] Level 5:colcon.colcon_core.verb:set package 'my_robot' build argument 'ament_cmake_args' from command line to 'None'
[0.557s] Level 5:colcon.colcon_core.verb:set package 'my_robot' build argument 'catkin_cmake_args' from command line to 'None'
[0.557s] Level 5:colcon.colcon_core.verb:set package 'my_robot' build argument 'catkin_skip_building_tests' from command line to 'False'
[0.557s] DEBUG:colcon.colcon_core.verb:Building package 'my_robot' with the following arguments: {'ament_cmake_args': None, 'build_base': '/home/vivek/ec01_ws/build/my_robot', 'catkin_cmake_args': None, 'catkin_skip_building_tests': False, 'cmake_args': None, 'cmake_clean_cache': False, 'cmake_clean_first': False, 'cmake_force_configure': False, 'cmake_target': None, 'cmake_target_skip_unavailable': False, 'install_base': '/home/vivek/ec01_ws/install/my_robot', 'merge_install': False, 'path': '/home/vivek/ec01_ws/src/my_robot', 'symlink_install': False, 'test_result_base': None}
[0.558s] INFO:colcon.colcon_core.executor:Executing jobs using 'parallel' executor
[0.559s] DEBUG:colcon.colcon_parallel_executor.executor.parallel:run_until_complete
[0.559s] INFO:colcon.colcon_ros.task.ament_cmake.build:Building ROS package in '/home/vivek/ec01_ws/src/my_robot' with build type 'ament_cmake'
[0.560s] INFO:colcon.colcon_cmake.task.cmake.build:Building CMake package in '/home/vivek/ec01_ws/src/my_robot'
[0.562s] INFO:colcon.colcon_core.plugin_system:Skipping extension 'colcon_core.shell.bat': Not used on non-Windows systems
[0.563s] INFO:colcon.colcon_core.shell:Skip shell extension 'powershell' for command environment: Not usable outside of PowerShell
[0.563s] DEBUG:colcon.colcon_core.shell:Skip shell extension 'dsv' for command environment
[0.572s] DEBUG:colcon.colcon_core.event_handler.log_command:Invoking command in '/home/vivek/ec01_ws/build/my_robot': CMAKE_PREFIX_PATH=/home/vivek/ros2_ws/install/my_robot_controller:/opt/ros/humble /usr/bin/cmake /home/vivek/ec01_ws/src/my_robot -DCMAKE_INSTALL_PREFIX=/home/vivek/ec01_ws/install/my_robot
[1.445s] DEBUG:colcon.colcon_core.event_handler.log_command:Invoked command in '/home/vivek/ec01_ws/build/my_robot' returned '0': CMAKE_PREFIX_PATH=/home/vivek/ros2_ws/install/my_robot_controller:/opt/ros/humble /usr/bin/cmake /home/vivek/ec01_ws/src/my_robot -DCMAKE_INSTALL_PREFIX=/home/vivek/ec01_ws/install/my_robot
[1.448s] DEBUG:colcon.colcon_core.event_handler.log_command:Invoking command in '/home/vivek/ec01_ws/build/my_robot': CMAKE_PREFIX_PATH=/home/vivek/ros2_ws/install/my_robot_controller:/opt/ros/humble /usr/bin/cmake --build /home/vivek/ec01_ws/build/my_robot -- -j2 -l2
[1.499s] DEBUG:colcon.colcon_core.event_handler.log_command:Invoked command in '/home/vivek/ec01_ws/build/my_robot' returned '0': CMAKE_PREFIX_PATH=/home/vivek/ros2_ws/install/my_robot_controller:/opt/ros/humble /usr/bin/cmake --build /home/vivek/ec01_ws/build/my_robot -- -j2 -l2
[1.539s] DEBUG:colcon.colcon_core.event_handler.log_command:Invoking command in '/home/vivek/ec01_ws/build/my_robot': CMAKE_PREFIX_PATH=/home/vivek/ros2_ws/install/my_robot_controller:/opt/ros/humble /usr/bin/cmake --install /home/vivek/ec01_ws/build/my_robot
[1.555s] Level 1:colcon.colcon_core.environment:create_environment_scripts_only(my_robot)
[1.556s] DEBUG:colcon.colcon_core.event_handler.log_command:Invoked command in '/home/vivek/ec01_ws/build/my_robot' returned '0': CMAKE_PREFIX_PATH=/home/vivek/ros2_ws/install/my_robot_controller:/opt/ros/humble /usr/bin/cmake --install /home/vivek/ec01_ws/build/my_robot
[1.559s] Level 1:colcon.colcon_core.environment:checking '/home/vivek/ec01_ws/install/my_robot' for CMake module files
[1.560s] Level 1:colcon.colcon_core.environment:checking '/home/vivek/ec01_ws/install/my_robot' for CMake config files
[1.560s] Level 1:colcon.colcon_core.shell:create_environment_hook('my_robot', 'cmake_prefix_path')
[1.560s] INFO:colcon.colcon_core.shell:Creating environment hook '/home/vivek/ec01_ws/install/my_robot/share/my_robot/hook/cmake_prefix_path.ps1'
[1.561s] INFO:colcon.colcon_core.shell:Creating environment descriptor '/home/vivek/ec01_ws/install/my_robot/share/my_robot/hook/cmake_prefix_path.dsv'
[1.562s] INFO:colcon.colcon_core.shell:Creating environment hook '/home/vivek/ec01_ws/install/my_robot/share/my_robot/hook/cmake_prefix_path.sh'
[1.563s] Level 1:colcon.colcon_core.environment:checking '/home/vivek/ec01_ws/install/my_robot/bin'
[1.563s] Level 1:colcon.colcon_core.environment:checking '/home/vivek/ec01_ws/install/my_robot/lib/pkgconfig/my_robot.pc'
[1.563s] Level 1:colcon.colcon_core.environment:checking '/home/vivek/ec01_ws/install/my_robot/lib/python3.10/site-packages'
[1.564s] Level 1:colcon.colcon_core.environment:checking '/home/vivek/ec01_ws/install/my_robot/bin'
[1.564s] INFO:colcon.colcon_core.shell:Creating package script '/home/vivek/ec01_ws/install/my_robot/share/my_robot/package.ps1'
[1.565s] INFO:colcon.colcon_core.shell:Creating package descriptor '/home/vivek/ec01_ws/install/my_robot/share/my_robot/package.dsv'
[1.566s] INFO:colcon.colcon_core.shell:Creating package script '/home/vivek/ec01_ws/install/my_robot/share/my_robot/package.sh'
[1.567s] INFO:colcon.colcon_core.shell:Creating package script '/home/vivek/ec01_ws/install/my_robot/share/my_robot/package.bash'
[1.568s] INFO:colcon.colcon_core.shell:Creating package script '/home/vivek/ec01_ws/install/my_robot/share/my_robot/package.zsh'
[1.568s] Level 1:colcon.colcon_core.environment:create_file_with_runtime_dependencies(/home/vivek/ec01_ws/install/my_robot/share/colcon-core/packages/my_robot)
[1.599s] Level 1:colcon.colcon_core.environment:create_environment_scripts_only(my_robot)
[1.600s] Level 1:colcon.colcon_core.environment:checking '/home/vivek/ec01_ws/install/my_robot' for CMake module files
[1.600s] Level 1:colcon.colcon_core.environment:checking '/home/vivek/ec01_ws/install/my_robot' for CMake config files
[1.600s] Level 1:colcon.colcon_core.shell:create_environment_hook('my_robot', 'cmake_prefix_path')
[1.601s] INFO:colcon.colcon_core.shell:Creating environment hook '/home/vivek/ec01_ws/install/my_robot/share/my_robot/hook/cmake_prefix_path.ps1'
[1.601s] INFO:colcon.colcon_core.shell:Creating environment descriptor '/home/vivek/ec01_ws/install/my_robot/share/my_robot/hook/cmake_prefix_path.dsv'
[1.602s] INFO:colcon.colcon_core.shell:Creating environment hook '/home/vivek/ec01_ws/install/my_robot/share/my_robot/hook/cmake_prefix_path.sh'
[1.602s] Level 1:colcon.colcon_core.environment:checking '/home/vivek/ec01_ws/install/my_robot/bin'
[1.602s] Level 1:colcon.colcon_core.environment:checking '/home/vivek/ec01_ws/install/my_robot/lib/pkgconfig/my_robot.pc'
[1.603s] Level 1:colcon.colcon_core.environment:checking '/home/vivek/ec01_ws/install/my_robot/lib/python3.10/site-packages'
[1.603s] Level 1:colcon.colcon_core.environment:checking '/home/vivek/ec01_ws/install/my_robot/bin'
[1.604s] INFO:colcon.colcon_core.shell:Creating package script '/home/vivek/ec01_ws/install/my_robot/share/my_robot/package.ps1'
[1.604s] INFO:colcon.colcon_core.shell:Creating package descriptor '/home/vivek/ec01_ws/install/my_robot/share/my_robot/package.dsv'
[1.605s] INFO:colcon.colcon_core.shell:Creating package script '/home/vivek/ec01_ws/install/my_robot/share/my_robot/package.sh'
[1.605s] INFO:colcon.colcon_core.shell:Creating package script '/home/vivek/ec01_ws/install/my_robot/share/my_robot/package.bash'
[1.606s] INFO:colcon.colcon_core.shell:Creating package script '/home/vivek/ec01_ws/install/my_robot/share/my_robot/package.zsh'
[1.606s] Level 1:colcon.colcon_core.environment:create_file_with_runtime_dependencies(/home/vivek/ec01_ws/install/my_robot/share/colcon-core/packages/my_robot)
[1.606s] DEBUG:colcon.colcon_parallel_executor.executor.parallel:closing loop
[1.607s] DEBUG:colcon.colcon_parallel_executor.executor.parallel:loop closed
[1.607s] DEBUG:colcon.colcon_parallel_executor.executor.parallel:run_until_complete finished with '0'
[1.607s] DEBUG:colcon.colcon_core.event_reactor:joining thread
[1.615s] INFO:colcon.colcon_core.plugin_system:Skipping extension 'colcon_notification.desktop_notification.terminal_notifier': Not used on non-Darwin systems
[1.615s] INFO:colcon.colcon_core.plugin_system:Skipping extension 'colcon_notification.desktop_notification.win32': Not used on non-Windows systems
[1.615s] INFO:colcon.colcon_notification.desktop_notification:Sending desktop notification using 'notify2'
[1.633s] DEBUG:colcon.colcon_core.event_reactor:joined thread
[1.634s] INFO:colcon.colcon_core.shell:Creating prefix script '/home/vivek/ec01_ws/install/local_setup.ps1'
[1.635s] INFO:colcon.colcon_core.shell:Creating prefix util module '/home/vivek/ec01_ws/install/_local_setup_util_ps1.py'
[1.638s] INFO:colcon.colcon_core.shell:Creating prefix chain script '/home/vivek/ec01_ws/install/setup.ps1'
[1.640s] INFO:colcon.colcon_core.shell:Creating prefix script '/home/vivek/ec01_ws/install/local_setup.sh'
[1.641s] INFO:colcon.colcon_core.shell:Creating prefix util module '/home/vivek/ec01_ws/install/_local_setup_util_sh.py'
[1.641s] INFO:colcon.colcon_core.shell:Creating prefix chain script '/home/vivek/ec01_ws/install/setup.sh'
[1.643s] INFO:colcon.colcon_core.shell:Creating prefix script '/home/vivek/ec01_ws/install/local_setup.bash'
[1.643s] INFO:colcon.colcon_core.shell:Creating prefix chain script '/home/vivek/ec01_ws/install/setup.bash'
[1.645s] INFO:colcon.colcon_core.shell:Creating prefix script '/home/vivek/ec01_ws/install/local_setup.zsh'
[1.646s] INFO:colcon.colcon_core.shell:Creating prefix chain script '/home/vivek/ec01_ws/install/setup.zsh'
