-- Found ament_cmake: 1.3.9 (/opt/ros/humble/share/ament_cmake/cmake)
-- Found ament_lint_auto: 0.12.11 (/opt/ros/humble/share/ament_lint_auto/cmake)
-- Added test 'flake8' to check Python code syntax and style conventions
-- Added test 'lint_cmake' to check CMake code style
-- Added test 'pep257' to check Python code against some of the docstring style conventions in PEP 257
-- Added test 'xmllint' to check XML markup files
-- Configuring done
-- Generating done
-- Build files have been written to: /home/vivek/ec01_ws/build/my_robot
-- Install configuration: ""
-- Installing: /home/vivek/ec01_ws/install/my_robot/share/ament_index/resource_index/package_run_dependencies/my_robot
-- Installing: /home/vivek/ec01_ws/install/my_robot/share/ament_index/resource_index/parent_prefix_path/my_robot
-- Up-to-date: /home/vivek/ec01_ws/install/my_robot/share/my_robot/environment/ament_prefix_path.sh
-- Installing: /home/vivek/ec01_ws/install/my_robot/share/my_robot/environment/ament_prefix_path.dsv
-- Up-to-date: /home/vivek/ec01_ws/install/my_robot/share/my_robot/environment/path.sh
-- Installing: /home/vivek/ec01_ws/install/my_robot/share/my_robot/environment/path.dsv
-- Up-to-date: /home/vivek/ec01_ws/install/my_robot/share/my_robot/local_setup.bash
-- Up-to-date: /home/vivek/ec01_ws/install/my_robot/share/my_robot/local_setup.sh
-- Up-to-date: /home/vivek/ec01_ws/install/my_robot/share/my_robot/local_setup.zsh
-- Installing: /home/vivek/ec01_ws/install/my_robot/share/my_robot/local_setup.dsv
-- Installing: /home/vivek/ec01_ws/install/my_robot/share/my_robot/package.dsv
-- Up-to-date: /home/vivek/ec01_ws/install/my_robot/share/ament_index/resource_index/packages/my_robot
-- Up-to-date: /home/vivek/ec01_ws/install/my_robot/share/my_robot/cmake/my_robotConfig.cmake
-- Up-to-date: /home/vivek/ec01_ws/install/my_robot/share/my_robot/cmake/my_robotConfig-version.cmake
-- Installing: /home/vivek/ec01_ws/install/my_robot/share/my_robot/package.xml
