[0.014s] Invoking command in '/home/vivek/ec01_ws/build/my_robot': CMAKE_PREFIX_PATH=${CMAKE_PREFIX_PATH}:/home/vivek/ros2_ws/install/my_robot_controller:/opt/ros/humble /usr/bin/cmake --build /home/vivek/ec01_ws/build/my_robot -- -j2 -l2
[0.046s] -- Found ament_cmake: 1.3.9 (/opt/ros/humble/share/ament_cmake/cmake)
[0.223s] -- Found ament_lint_auto: 0.12.11 (/opt/ros/humble/share/ament_lint_auto/cmake)
[0.335s] -- Added test 'flake8' to check Python code syntax and style conventions
[0.337s] -- Added test 'lint_cmake' to check CMake code style
[0.338s] -- Added test 'pep257' to check Python code against some of the docstring style conventions in PEP 257
[0.342s] -- Added test 'xmllint' to check XML markup files
[0.344s] -- Configuring done
[0.354s] -- Generating done
[0.358s] -- Build files have been written to: /home/vivek/ec01_ws/build/my_robot
[0.419s] Invoked command in '/home/vivek/ec01_ws/build/my_robot' returned '0': CMAKE_PREFIX_PATH=${CMAKE_PREFIX_PATH}:/home/vivek/ros2_ws/install/my_robot_controller:/opt/ros/humble /usr/bin/cmake --build /home/vivek/ec01_ws/build/my_robot -- -j2 -l2
[0.462s] Invoking command in '/home/vivek/ec01_ws/build/my_robot': CMAKE_PREFIX_PATH=${CMAKE_PREFIX_PATH}:/home/vivek/ros2_ws/install/my_robot_controller:/opt/ros/humble /usr/bin/cmake --install /home/vivek/ec01_ws/build/my_robot
[0.474s] -- Install configuration: ""
[0.474s] -- Installing: /home/vivek/ec01_ws/install/my_robot/share/ament_index/resource_index/package_run_dependencies/my_robot
[0.474s] -- Installing: /home/vivek/ec01_ws/install/my_robot/share/ament_index/resource_index/parent_prefix_path/my_robot
[0.475s] -- Up-to-date: /home/vivek/ec01_ws/install/my_robot/share/my_robot/environment/ament_prefix_path.sh
[0.475s] -- Installing: /home/vivek/ec01_ws/install/my_robot/share/my_robot/environment/ament_prefix_path.dsv
[0.475s] -- Up-to-date: /home/vivek/ec01_ws/install/my_robot/share/my_robot/environment/path.sh
[0.475s] -- Installing: /home/vivek/ec01_ws/install/my_robot/share/my_robot/environment/path.dsv
[0.475s] -- Up-to-date: /home/vivek/ec01_ws/install/my_robot/share/my_robot/local_setup.bash
[0.475s] -- Up-to-date: /home/vivek/ec01_ws/install/my_robot/share/my_robot/local_setup.sh
[0.475s] -- Up-to-date: /home/vivek/ec01_ws/install/my_robot/share/my_robot/local_setup.zsh
[0.476s] -- Installing: /home/vivek/ec01_ws/install/my_robot/share/my_robot/local_setup.dsv
[0.476s] -- Installing: /home/vivek/ec01_ws/install/my_robot/share/my_robot/package.dsv
[0.476s] -- Up-to-date: /home/vivek/ec01_ws/install/my_robot/share/ament_index/resource_index/packages/my_robot
[0.476s] -- Up-to-date: /home/vivek/ec01_ws/install/my_robot/share/my_robot/cmake/my_robotConfig.cmake
[0.476s] -- Up-to-date: /home/vivek/ec01_ws/install/my_robot/share/my_robot/cmake/my_robotConfig-version.cmake
[0.476s] -- Installing: /home/vivek/ec01_ws/install/my_robot/share/my_robot/package.xml
[0.478s] Invoked command in '/home/vivek/ec01_ws/build/my_robot' returned '0': CMAKE_PREFIX_PATH=${CMAKE_PREFIX_PATH}:/home/vivek/ros2_ws/install/my_robot_controller:/opt/ros/humble /usr/bin/cmake --install /home/vivek/ec01_ws/build/my_robot
