[0.015s] Invoking command in '/home/vivek/ec01_ws/build/my_robot': CMAKE_PREFIX_PATH=${CMAKE_PREFIX_PATH}:/home/vivek/ros2_ws/install/my_robot_controller:/opt/ros/humble /usr/bin/cmake --build /home/vivek/ec01_ws/build/my_robot -- -j2 -l2
[0.066s] Invoked command in '/home/vivek/ec01_ws/build/my_robot' returned '0': CMAKE_PREFIX_PATH=${CMAKE_PREFIX_PATH}:/home/vivek/ros2_ws/install/my_robot_controller:/opt/ros/humble /usr/bin/cmake --build /home/vivek/ec01_ws/build/my_robot -- -j2 -l2
[0.104s] Invoking command in '/home/vivek/ec01_ws/build/my_robot': CMAKE_PREFIX_PATH=${CMAKE_PREFIX_PATH}:/home/vivek/ros2_ws/install/my_robot_controller:/opt/ros/humble /usr/bin/cmake --install /home/vivek/ec01_ws/build/my_robot
[0.116s] -- Install configuration: ""
[0.117s] -- Up-to-date: /home/vivek/ec01_ws/install/my_robot/share/ament_index/resource_index/package_run_dependencies/my_robot
[0.117s] -- Up-to-date: /home/vivek/ec01_ws/install/my_robot/share/ament_index/resource_index/parent_prefix_path/my_robot
[0.117s] -- Up-to-date: /home/vivek/ec01_ws/install/my_robot/share/my_robot/environment/ament_prefix_path.sh
[0.117s] -- Up-to-date: /home/vivek/ec01_ws/install/my_robot/share/my_robot/environment/ament_prefix_path.dsv
[0.118s] -- Up-to-date: /home/vivek/ec01_ws/install/my_robot/share/my_robot/environment/path.sh
[0.118s] -- Up-to-date: /home/vivek/ec01_ws/install/my_robot/share/my_robot/environment/path.dsv
[0.118s] -- Up-to-date: /home/vivek/ec01_ws/install/my_robot/share/my_robot/local_setup.bash
[0.118s] -- Up-to-date: /home/vivek/ec01_ws/install/my_robot/share/my_robot/local_setup.sh
[0.118s] -- Up-to-date: /home/vivek/ec01_ws/install/my_robot/share/my_robot/local_setup.zsh
[0.118s] -- Up-to-date: /home/vivek/ec01_ws/install/my_robot/share/my_robot/local_setup.dsv
[0.118s] -- Up-to-date: /home/vivek/ec01_ws/install/my_robot/share/my_robot/package.dsv
[0.120s] -- Up-to-date: /home/vivek/ec01_ws/install/my_robot/share/ament_index/resource_index/packages/my_robot
[0.120s] -- Up-to-date: /home/vivek/ec01_ws/install/my_robot/share/my_robot/cmake/my_robotConfig.cmake
[0.120s] -- Up-to-date: /home/vivek/ec01_ws/install/my_robot/share/my_robot/cmake/my_robotConfig-version.cmake
[0.121s] -- Up-to-date: /home/vivek/ec01_ws/install/my_robot/share/my_robot/package.xml
[0.122s] Invoked command in '/home/vivek/ec01_ws/build/my_robot' returned '0': CMAKE_PREFIX_PATH=${CMAKE_PREFIX_PATH}:/home/vivek/ros2_ws/install/my_robot_controller:/opt/ros/humble /usr/bin/cmake --install /home/vivek/ec01_ws/build/my_robot
