[0.012s] Invoking command in '/home/vivek/ec01_ws/build/my_robot': CMAKE_PREFIX_PATH=/home/vivek/ros2_ws/install/my_robot_controller:/opt/ros/humble /usr/bin/cmake /home/vivek/ec01_ws/src/my_robot -DCMAKE_INSTALL_PREFIX=/home/vivek/ec01_ws/install/my_robot
[0.085s] -- The C compiler identification is GNU 11.4.0
[0.165s] -- The CXX compiler identification is GNU 11.4.0
[0.176s] -- Detecting C compiler ABI info
[0.265s] -- Detecting C compiler ABI info - done
[0.276s] -- Check for working C compiler: /usr/bin/cc - skipped
[0.277s] -- Detecting C compile features
[0.277s] -- Detecting C compile features - done
[0.281s] -- Detecting CXX compiler ABI info
[0.384s] -- Detecting CXX compiler ABI info - done
[0.396s] -- Check for working CXX compiler: /usr/bin/c++ - skipped
[0.396s] -- Detecting CXX compile features
[0.397s] -- Detecting CXX compile features - done
[0.400s] -- Found ament_cmake: 1.3.9 (/opt/ros/humble/share/ament_cmake/cmake)
[0.603s] -- Found Python3: /usr/bin/python3 (found version "3.10.12") found components: Interpreter 
[0.719s] -- Found ament_lint_auto: 0.12.11 (/opt/ros/humble/share/ament_lint_auto/cmake)
[0.859s] -- Added test 'flake8' to check Python code syntax and style conventions
[0.861s] -- Added test 'lint_cmake' to check CMake code style
[0.862s] -- Added test 'pep257' to check Python code against some of the docstring style conventions in PEP 257
[0.866s] -- Added test 'xmllint' to check XML markup files
[0.870s] -- Configuring done
[0.879s] -- Generating done
[0.880s] -- Build files have been written to: /home/vivek/ec01_ws/build/my_robot
[0.885s] Invoked command in '/home/vivek/ec01_ws/build/my_robot' returned '0': CMAKE_PREFIX_PATH=/home/vivek/ros2_ws/install/my_robot_controller:/opt/ros/humble /usr/bin/cmake /home/vivek/ec01_ws/src/my_robot -DCMAKE_INSTALL_PREFIX=/home/vivek/ec01_ws/install/my_robot
[0.888s] Invoking command in '/home/vivek/ec01_ws/build/my_robot': CMAKE_PREFIX_PATH=/home/vivek/ros2_ws/install/my_robot_controller:/opt/ros/humble /usr/bin/cmake --build /home/vivek/ec01_ws/build/my_robot -- -j2 -l2
[0.938s] Invoked command in '/home/vivek/ec01_ws/build/my_robot' returned '0': CMAKE_PREFIX_PATH=/home/vivek/ros2_ws/install/my_robot_controller:/opt/ros/humble /usr/bin/cmake --build /home/vivek/ec01_ws/build/my_robot -- -j2 -l2
[0.979s] Invoking command in '/home/vivek/ec01_ws/build/my_robot': CMAKE_PREFIX_PATH=/home/vivek/ros2_ws/install/my_robot_controller:/opt/ros/humble /usr/bin/cmake --install /home/vivek/ec01_ws/build/my_robot
[0.990s] -- Install configuration: ""
[0.990s] -- Installing: /home/vivek/ec01_ws/install/my_robot/share/ament_index/resource_index/package_run_dependencies/my_robot
[0.990s] -- Installing: /home/vivek/ec01_ws/install/my_robot/share/ament_index/resource_index/parent_prefix_path/my_robot
[0.991s] -- Installing: /home/vivek/ec01_ws/install/my_robot/share/my_robot/environment/ament_prefix_path.sh
[0.991s] -- Installing: /home/vivek/ec01_ws/install/my_robot/share/my_robot/environment/ament_prefix_path.dsv
[0.991s] -- Installing: /home/vivek/ec01_ws/install/my_robot/share/my_robot/environment/path.sh
[0.991s] -- Installing: /home/vivek/ec01_ws/install/my_robot/share/my_robot/environment/path.dsv
[0.992s] -- Installing: /home/vivek/ec01_ws/install/my_robot/share/my_robot/local_setup.bash
[0.992s] -- Installing: /home/vivek/ec01_ws/install/my_robot/share/my_robot/local_setup.sh
[0.992s] -- Installing: /home/vivek/ec01_ws/install/my_robot/share/my_robot/local_setup.zsh
[0.992s] -- Installing: /home/vivek/ec01_ws/install/my_robot/share/my_robot/local_setup.dsv
[0.992s] -- Installing: /home/vivek/ec01_ws/install/my_robot/share/my_robot/package.dsv
[0.993s] -- Installing: /home/vivek/ec01_ws/install/my_robot/share/ament_index/resource_index/packages/my_robot
[0.993s] -- Installing: /home/vivek/ec01_ws/install/my_robot/share/my_robot/cmake/my_robotConfig.cmake
[0.993s] -- Installing: /home/vivek/ec01_ws/install/my_robot/share/my_robot/cmake/my_robotConfig-version.cmake
[0.993s] -- Installing: /home/vivek/ec01_ws/install/my_robot/share/my_robot/package.xml
[0.996s] Invoked command in '/home/vivek/ec01_ws/build/my_robot' returned '0': CMAKE_PREFIX_PATH=/home/vivek/ros2_ws/install/my_robot_controller:/opt/ros/humble /usr/bin/cmake --install /home/vivek/ec01_ws/build/my_robot
