[0.160s] DEBUG:colcon:Command line arguments: ['/usr/bin/colcon', 'build']
[0.161s] DEBUG:colcon:Parsed command line arguments: Namespace(log_base=None, log_level=None, verb_name='build', build_base='build', install_base='install', merge_install=False, symlink_install=False, test_result_base=None, continue_on_error=False, executor='parallel', parallel_workers=2, event_handlers=None, ignore_user_meta=False, metas=['./colcon.meta'], base_paths=['.'], packages_ignore=None, packages_ignore_regex=None, paths=None, packages_up_to=None, packages_up_to_regex=None, packages_above=None, packages_above_and_dependencies=None, packages_above_depth=None, packages_select_by_dep=None, packages_skip_by_dep=None, packages_skip_up_to=None, packages_select_build_failed=False, packages_skip_build_finished=False, packages_select_test_failures=False, packages_skip_test_passed=False, packages_select=None, packages_skip=None, packages_select_regex=None, packages_skip_regex=None, packages_start=None, packages_end=None, allow_overriding=[], cmake_args=None, cmake_target=None, cmake_target_skip_unavailable=False, cmake_clean_cache=False, cmake_clean_first=False, cmake_force_configure=False, ament_cmake_args=None, catkin_cmake_args=None, catkin_skip_building_tests=False, mixin_files=None, mixin=None, verb_parser=<colcon_mixin.mixin.mixin_argument.MixinArgumentDecorator object at 0x749fabbfa200>, verb_extension=<colcon_core.verb.build.BuildVerb object at 0x749fabbf9a80>, main=<bound method BuildVerb.main of <colcon_core.verb.build.BuildVerb object at 0x749fabbf9a80>>, mixin_verb=('build',))
[0.418s] Level 1:colcon.colcon_core.package_discovery:discover_packages(colcon_meta) check parameters
[0.418s] Level 1:colcon.colcon_core.package_discovery:discover_packages(recursive) check parameters
[0.418s] Level 1:colcon.colcon_core.package_discovery:discover_packages(ignore) check parameters
[0.418s] Level 1:colcon.colcon_core.package_discovery:discover_packages(path) check parameters
[0.418s] Level 1:colcon.colcon_core.package_discovery:discover_packages(colcon_meta) discover
[0.418s] Level 1:colcon.colcon_core.package_discovery:discover_packages(recursive) discover
[0.418s] INFO:colcon.colcon_core.package_discovery:Crawling recursively for packages in '/home/vivek/ec01_ws'
[0.418s] Level 1:colcon.colcon_core.package_identification:_identify(.) by extensions ['ignore', 'ignore_ament_install']
[0.419s] Level 1:colcon.colcon_core.package_identification:_identify(.) by extension 'ignore'
[0.419s] Level 1:colcon.colcon_core.package_identification:_identify(.) by extension 'ignore_ament_install'
[0.419s] Level 1:colcon.colcon_core.package_identification:_identify(.) by extensions ['colcon_pkg']
[0.419s] Level 1:colcon.colcon_core.package_identification:_identify(.) by extension 'colcon_pkg'
[0.419s] Level 1:colcon.colcon_core.package_identification:_identify(.) by extensions ['colcon_meta']
[0.419s] Level 1:colcon.colcon_core.package_identification:_identify(.) by extension 'colcon_meta'
[0.419s] Level 1:colcon.colcon_core.package_identification:_identify(.) by extensions ['ros']
[0.419s] Level 1:colcon.colcon_core.package_identification:_identify(.) by extension 'ros'
[0.434s] Level 1:colcon.colcon_core.package_identification:_identify(.) by extensions ['cmake', 'python']
[0.435s] Level 1:colcon.colcon_core.package_identification:_identify(.) by extension 'cmake'
[0.435s] Level 1:colcon.colcon_core.package_identification:_identify(.) by extension 'python'
[0.435s] Level 1:colcon.colcon_core.package_identification:_identify(.) by extensions ['python_setup_py']
[0.435s] Level 1:colcon.colcon_core.package_identification:_identify(.) by extension 'python_setup_py'
[0.435s] Level 1:colcon.colcon_core.package_identification:_identify(build) by extensions ['ignore', 'ignore_ament_install']
[0.435s] Level 1:colcon.colcon_core.package_identification:_identify(build) by extension 'ignore'
[0.435s] Level 1:colcon.colcon_core.package_identification:_identify(build) ignored
[0.435s] Level 1:colcon.colcon_core.package_identification:_identify(install) by extensions ['ignore', 'ignore_ament_install']
[0.435s] Level 1:colcon.colcon_core.package_identification:_identify(install) by extension 'ignore'
[0.435s] Level 1:colcon.colcon_core.package_identification:_identify(install) ignored
[0.436s] Level 1:colcon.colcon_core.package_identification:_identify(log) by extensions ['ignore', 'ignore_ament_install']
[0.436s] Level 1:colcon.colcon_core.package_identification:_identify(log) by extension 'ignore'
[0.436s] Level 1:colcon.colcon_core.package_identification:_identify(log) ignored
[0.436s] Level 1:colcon.colcon_core.package_identification:_identify(src) by extensions ['ignore', 'ignore_ament_install']
[0.436s] Level 1:colcon.colcon_core.package_identification:_identify(src) by extension 'ignore'
[0.436s] Level 1:colcon.colcon_core.package_identification:_identify(src) by extension 'ignore_ament_install'
[0.436s] Level 1:colcon.colcon_core.package_identification:_identify(src) by extensions ['colcon_pkg']
[0.436s] Level 1:colcon.colcon_core.package_identification:_identify(src) by extension 'colcon_pkg'
[0.436s] Level 1:colcon.colcon_core.package_identification:_identify(src) by extensions ['colcon_meta']
[0.436s] Level 1:colcon.colcon_core.package_identification:_identify(src) by extension 'colcon_meta'
[0.436s] Level 1:colcon.colcon_core.package_identification:_identify(src) by extensions ['ros']
[0.436s] Level 1:colcon.colcon_core.package_identification:_identify(src) by extension 'ros'
[0.437s] Level 1:colcon.colcon_core.package_identification:_identify(src) by extensions ['cmake', 'python']
[0.437s] Level 1:colcon.colcon_core.package_identification:_identify(src) by extension 'cmake'
[0.437s] Level 1:colcon.colcon_core.package_identification:_identify(src) by extension 'python'
[0.437s] Level 1:colcon.colcon_core.package_identification:_identify(src) by extensions ['python_setup_py']
[0.437s] Level 1:colcon.colcon_core.package_identification:_identify(src) by extension 'python_setup_py'
[0.437s] Level 1:colcon.colcon_core.package_identification:_identify(src/my_robot) by extensions ['ignore', 'ignore_ament_install']
[0.437s] Level 1:colcon.colcon_core.package_identification:_identify(src/my_robot) by extension 'ignore'
[0.437s] Level 1:colcon.colcon_core.package_identification:_identify(src/my_robot) by extension 'ignore_ament_install'
[0.437s] Level 1:colcon.colcon_core.package_identification:_identify(src/my_robot) by extensions ['colcon_pkg']
[0.437s] Level 1:colcon.colcon_core.package_identification:_identify(src/my_robot) by extension 'colcon_pkg'
[0.437s] Level 1:colcon.colcon_core.package_identification:_identify(src/my_robot) by extensions ['colcon_meta']
[0.437s] Level 1:colcon.colcon_core.package_identification:_identify(src/my_robot) by extension 'colcon_meta'
[0.437s] Level 1:colcon.colcon_core.package_identification:_identify(src/my_robot) by extensions ['ros']
[0.437s] Level 1:colcon.colcon_core.package_identification:_identify(src/my_robot) by extension 'ros'
[0.441s] DEBUG:colcon.colcon_core.package_identification:Package 'src/my_robot' with type 'ros.ament_cmake' and name 'my_robot'
[0.441s] Level 1:colcon.colcon_core.package_discovery:discover_packages(recursive) using defaults
[0.441s] Level 1:colcon.colcon_core.package_discovery:discover_packages(ignore) discover
[0.441s] Level 1:colcon.colcon_core.package_discovery:discover_packages(ignore) using defaults
[0.441s] Level 1:colcon.colcon_core.package_discovery:discover_packages(path) discover
[0.441s] Level 1:colcon.colcon_core.package_discovery:discover_packages(path) using defaults
[0.486s] Level 1:colcon.colcon_core.package_discovery:discover_packages(prefix_path) check parameters
[0.486s] Level 1:colcon.colcon_core.package_discovery:discover_packages(prefix_path) discover
[0.488s] DEBUG:colcon.colcon_installed_package_information.package_discovery:Found 1 installed packages in /home/vivek/ec01_ws/install
[0.489s] DEBUG:colcon.colcon_installed_package_information.package_discovery:Found 1 installed packages in /home/vivek/ros2_ws/install
[0.490s] DEBUG:colcon.colcon_installed_package_information.package_discovery:Found 280 installed packages in /opt/ros/humble
[0.493s] Level 1:colcon.colcon_core.package_discovery:discover_packages(prefix_path) using defaults
[0.549s] Level 5:colcon.colcon_core.verb:set package 'my_robot' build argument 'cmake_args' from command line to 'None'
[0.549s] Level 5:colcon.colcon_core.verb:set package 'my_robot' build argument 'cmake_target' from command line to 'None'
[0.549s] Level 5:colcon.colcon_core.verb:set package 'my_robot' build argument 'cmake_target_skip_unavailable' from command line to 'False'
[0.549s] Level 5:colcon.colcon_core.verb:set package 'my_robot' build argument 'cmake_clean_cache' from command line to 'False'
[0.549s] Level 5:colcon.colcon_core.verb:set package 'my_robot' build argument 'cmake_clean_first' from command line to 'False'
[0.549s] Level 5:colcon.colcon_core.verb:set package 'my_robot' build argument 'cmake_force_configure' from command line to 'False'
[0.549s] Level 5:colcon.colcon_core.verb:set package 'my_robot' build argument 'ament_cmake_args' from command line to 'None'
[0.549s] Level 5:colcon.colcon_core.verb:set package 'my_robot' build argument 'catkin_cmake_args' from command line to 'None'
[0.549s] Level 5:colcon.colcon_core.verb:set package 'my_robot' build argument 'catkin_skip_building_tests' from command line to 'False'
[0.549s] DEBUG:colcon.colcon_core.verb:Building package 'my_robot' with the following arguments: {'ament_cmake_args': None, 'build_base': '/home/vivek/ec01_ws/build/my_robot', 'catkin_cmake_args': None, 'catkin_skip_building_tests': False, 'cmake_args': None, 'cmake_clean_cache': False, 'cmake_clean_first': False, 'cmake_force_configure': False, 'cmake_target': None, 'cmake_target_skip_unavailable': False, 'install_base': '/home/vivek/ec01_ws/install/my_robot', 'merge_install': False, 'path': '/home/vivek/ec01_ws/src/my_robot', 'symlink_install': False, 'test_result_base': None}
[0.549s] INFO:colcon.colcon_core.executor:Executing jobs using 'parallel' executor
[0.551s] DEBUG:colcon.colcon_parallel_executor.executor.parallel:run_until_complete
[0.551s] INFO:colcon.colcon_ros.task.ament_cmake.build:Building ROS package in '/home/vivek/ec01_ws/src/my_robot' with build type 'ament_cmake'
[0.551s] INFO:colcon.colcon_cmake.task.cmake.build:Building CMake package in '/home/vivek/ec01_ws/src/my_robot'
[0.554s] INFO:colcon.colcon_core.plugin_system:Skipping extension 'colcon_core.shell.bat': Not used on non-Windows systems
[0.554s] INFO:colcon.colcon_core.shell:Skip shell extension 'powershell' for command environment: Not usable outside of PowerShell
[0.554s] DEBUG:colcon.colcon_core.shell:Skip shell extension 'dsv' for command environment
[0.566s] DEBUG:colcon.colcon_core.event_handler.log_command:Invoking command in '/home/vivek/ec01_ws/build/my_robot': CMAKE_PREFIX_PATH=${CMAKE_PREFIX_PATH}:/home/vivek/ros2_ws/install/my_robot_controller:/opt/ros/humble /usr/bin/cmake --build /home/vivek/ec01_ws/build/my_robot -- -j2 -l2
[0.971s] DEBUG:colcon.colcon_core.event_handler.log_command:Invoked command in '/home/vivek/ec01_ws/build/my_robot' returned '0': CMAKE_PREFIX_PATH=${CMAKE_PREFIX_PATH}:/home/vivek/ros2_ws/install/my_robot_controller:/opt/ros/humble /usr/bin/cmake --build /home/vivek/ec01_ws/build/my_robot -- -j2 -l2
[1.014s] DEBUG:colcon.colcon_core.event_handler.log_command:Invoking command in '/home/vivek/ec01_ws/build/my_robot': CMAKE_PREFIX_PATH=${CMAKE_PREFIX_PATH}:/home/vivek/ros2_ws/install/my_robot_controller:/opt/ros/humble /usr/bin/cmake --install /home/vivek/ec01_ws/build/my_robot
[1.029s] Level 1:colcon.colcon_core.environment:create_environment_scripts_only(my_robot)
[1.030s] DEBUG:colcon.colcon_core.event_handler.log_command:Invoked command in '/home/vivek/ec01_ws/build/my_robot' returned '0': CMAKE_PREFIX_PATH=${CMAKE_PREFIX_PATH}:/home/vivek/ros2_ws/install/my_robot_controller:/opt/ros/humble /usr/bin/cmake --install /home/vivek/ec01_ws/build/my_robot
[1.033s] Level 1:colcon.colcon_core.environment:checking '/home/vivek/ec01_ws/install/my_robot' for CMake module files
[1.034s] Level 1:colcon.colcon_core.environment:checking '/home/vivek/ec01_ws/install/my_robot' for CMake config files
[1.034s] Level 1:colcon.colcon_core.shell:create_environment_hook('my_robot', 'cmake_prefix_path')
[1.034s] INFO:colcon.colcon_core.shell:Creating environment hook '/home/vivek/ec01_ws/install/my_robot/share/my_robot/hook/cmake_prefix_path.ps1'
[1.035s] INFO:colcon.colcon_core.shell:Creating environment descriptor '/home/vivek/ec01_ws/install/my_robot/share/my_robot/hook/cmake_prefix_path.dsv'
[1.036s] INFO:colcon.colcon_core.shell:Creating environment hook '/home/vivek/ec01_ws/install/my_robot/share/my_robot/hook/cmake_prefix_path.sh'
[1.037s] Level 1:colcon.colcon_core.environment:checking '/home/vivek/ec01_ws/install/my_robot/bin'
[1.037s] Level 1:colcon.colcon_core.environment:checking '/home/vivek/ec01_ws/install/my_robot/lib/pkgconfig/my_robot.pc'
[1.037s] Level 1:colcon.colcon_core.environment:checking '/home/vivek/ec01_ws/install/my_robot/lib/python3.10/site-packages'
[1.037s] Level 1:colcon.colcon_core.environment:checking '/home/vivek/ec01_ws/install/my_robot/bin'
[1.038s] INFO:colcon.colcon_core.shell:Creating package script '/home/vivek/ec01_ws/install/my_robot/share/my_robot/package.ps1'
[1.040s] INFO:colcon.colcon_core.shell:Creating package descriptor '/home/vivek/ec01_ws/install/my_robot/share/my_robot/package.dsv'
[1.041s] INFO:colcon.colcon_core.shell:Creating package script '/home/vivek/ec01_ws/install/my_robot/share/my_robot/package.sh'
[1.042s] INFO:colcon.colcon_core.shell:Creating package script '/home/vivek/ec01_ws/install/my_robot/share/my_robot/package.bash'
[1.042s] INFO:colcon.colcon_core.shell:Creating package script '/home/vivek/ec01_ws/install/my_robot/share/my_robot/package.zsh'
[1.043s] Level 1:colcon.colcon_core.environment:create_file_with_runtime_dependencies(/home/vivek/ec01_ws/install/my_robot/share/colcon-core/packages/my_robot)
[1.075s] Level 1:colcon.colcon_core.environment:create_environment_scripts_only(my_robot)
[1.076s] Level 1:colcon.colcon_core.environment:checking '/home/vivek/ec01_ws/install/my_robot' for CMake module files
[1.077s] Level 1:colcon.colcon_core.environment:checking '/home/vivek/ec01_ws/install/my_robot' for CMake config files
[1.077s] Level 1:colcon.colcon_core.shell:create_environment_hook('my_robot', 'cmake_prefix_path')
[1.077s] INFO:colcon.colcon_core.shell:Creating environment hook '/home/vivek/ec01_ws/install/my_robot/share/my_robot/hook/cmake_prefix_path.ps1'
[1.078s] INFO:colcon.colcon_core.shell:Creating environment descriptor '/home/vivek/ec01_ws/install/my_robot/share/my_robot/hook/cmake_prefix_path.dsv'
[1.078s] INFO:colcon.colcon_core.shell:Creating environment hook '/home/vivek/ec01_ws/install/my_robot/share/my_robot/hook/cmake_prefix_path.sh'
[1.079s] Level 1:colcon.colcon_core.environment:checking '/home/vivek/ec01_ws/install/my_robot/bin'
[1.079s] Level 1:colcon.colcon_core.environment:checking '/home/vivek/ec01_ws/install/my_robot/lib/pkgconfig/my_robot.pc'
[1.080s] Level 1:colcon.colcon_core.environment:checking '/home/vivek/ec01_ws/install/my_robot/lib/python3.10/site-packages'
[1.080s] Level 1:colcon.colcon_core.environment:checking '/home/vivek/ec01_ws/install/my_robot/bin'
[1.080s] INFO:colcon.colcon_core.shell:Creating package script '/home/vivek/ec01_ws/install/my_robot/share/my_robot/package.ps1'
[1.081s] INFO:colcon.colcon_core.shell:Creating package descriptor '/home/vivek/ec01_ws/install/my_robot/share/my_robot/package.dsv'
[1.081s] INFO:colcon.colcon_core.shell:Creating package script '/home/vivek/ec01_ws/install/my_robot/share/my_robot/package.sh'
[1.082s] INFO:colcon.colcon_core.shell:Creating package script '/home/vivek/ec01_ws/install/my_robot/share/my_robot/package.bash'
[1.082s] INFO:colcon.colcon_core.shell:Creating package script '/home/vivek/ec01_ws/install/my_robot/share/my_robot/package.zsh'
[1.083s] Level 1:colcon.colcon_core.environment:create_file_with_runtime_dependencies(/home/vivek/ec01_ws/install/my_robot/share/colcon-core/packages/my_robot)
[1.083s] DEBUG:colcon.colcon_parallel_executor.executor.parallel:closing loop
[1.084s] DEBUG:colcon.colcon_parallel_executor.executor.parallel:loop closed
[1.084s] DEBUG:colcon.colcon_parallel_executor.executor.parallel:run_until_complete finished with '0'
[1.084s] DEBUG:colcon.colcon_core.event_reactor:joining thread
[1.091s] INFO:colcon.colcon_core.plugin_system:Skipping extension 'colcon_notification.desktop_notification.terminal_notifier': Not used on non-Darwin systems
[1.091s] INFO:colcon.colcon_core.plugin_system:Skipping extension 'colcon_notification.desktop_notification.win32': Not used on non-Windows systems
[1.091s] INFO:colcon.colcon_notification.desktop_notification:Sending desktop notification using 'notify2'
[1.109s] DEBUG:colcon.colcon_core.event_reactor:joined thread
[1.109s] INFO:colcon.colcon_core.shell:Creating prefix script '/home/vivek/ec01_ws/install/local_setup.ps1'
[1.111s] INFO:colcon.colcon_core.shell:Creating prefix util module '/home/vivek/ec01_ws/install/_local_setup_util_ps1.py'
[1.113s] INFO:colcon.colcon_core.shell:Creating prefix chain script '/home/vivek/ec01_ws/install/setup.ps1'
[1.115s] INFO:colcon.colcon_core.shell:Creating prefix script '/home/vivek/ec01_ws/install/local_setup.sh'
[1.117s] INFO:colcon.colcon_core.shell:Creating prefix util module '/home/vivek/ec01_ws/install/_local_setup_util_sh.py'
[1.117s] INFO:colcon.colcon_core.shell:Creating prefix chain script '/home/vivek/ec01_ws/install/setup.sh'
[1.119s] INFO:colcon.colcon_core.shell:Creating prefix script '/home/vivek/ec01_ws/install/local_setup.bash'
[1.119s] INFO:colcon.colcon_core.shell:Creating prefix chain script '/home/vivek/ec01_ws/install/setup.bash'
[1.121s] INFO:colcon.colcon_core.shell:Creating prefix script '/home/vivek/ec01_ws/install/local_setup.zsh'
[1.122s] INFO:colcon.colcon_core.shell:Creating prefix chain script '/home/vivek/ec01_ws/install/setup.zsh'
